  main.cpp
  Score.cpp
D:\Hoora\AP\project\git\AP_Lab_Git_Practice_S4022\2\Score.h(4,13): error C2011: 'Score': 'class' type redefinition
  (compiling source file 'main.cpp')
  D:\Hoora\AP\project\git\AP_Lab_Git_Practice_S4022\2\Score.h(4,7):
  see declaration of 'Score'
  
D:\Hoora\AP\project\git\AP_Lab_Git_Practice_S4022\2\main.cpp(17,12): warning C4244: 'argument': conversion from 'time_t' to 'unsigned int', possible loss of data
D:\Hoora\AP\project\git\AP_Lab_Git_Practice_S4022\2\main.cpp(19,44): error C2027: use of undefined type 'Score'
  D:\Hoora\AP\project\git\AP_Lab_Git_Practice_S4022\2\Score.h(4,7):
  see declaration of 'Score'
  
D:\Hoora\AP\project\git\AP_Lab_Git_Practice_S4022\2\main.cpp(19,44): error C2065: 'BAD': undeclared identifier
D:\Hoora\AP\project\git\AP_Lab_Git_Practice_S4022\2\main.cpp(19,8): error C2079: 's1' uses undefined class 'Score'
D:\Hoora\AP\project\git\AP_Lab_Git_Practice_S4022\2\main.cpp(19,10): error C2440: 'initializing': cannot convert from 'initializer list' to 'int'
  D:\Hoora\AP\project\git\AP_Lab_Git_Practice_S4022\2\main.cpp(19,10):
  The initializer contains too many elements
  
D:\Hoora\AP\project\git\AP_Lab_Git_Practice_S4022\2\main.cpp(20,8): error C2079: 'scores' uses undefined class 'Score'
D:\Hoora\AP\project\git\AP_Lab_Git_Practice_S4022\2\main.cpp(23,3): error C2109: subscript requires array or pointer type
D:\Hoora\AP\project\git\AP_Lab_Git_Practice_S4022\2\main.cpp(23,3): error C2027: use of undefined type 'Score'
  D:\Hoora\AP\project\git\AP_Lab_Git_Practice_S4022\2\Score.h(4,7):
  see declaration of 'Score'
  
D:\Hoora\AP\project\git\AP_Lab_Git_Practice_S4022\2\main.cpp(23,3): error C3861: 'Label': identifier not found
D:\Hoora\AP\project\git\AP_Lab_Git_Practice_S4022\2\main.cpp(27,17): error C2109: subscript requires array or pointer type
D:\Hoora\AP\project\git\AP_Lab_Git_Practice_S4022\2\main.cpp(29,9): error C2027: use of undefined type 'Score'
  D:\Hoora\AP\project\git\AP_Lab_Git_Practice_S4022\2\Score.h(4,7):
  see declaration of 'Score'
  
D:\Hoora\AP\project\git\AP_Lab_Git_Practice_S4022\2\main.cpp(29,32): error C2027: use of undefined type 'Score'
  D:\Hoora\AP\project\git\AP_Lab_Git_Practice_S4022\2\Score.h(4,7):
  see declaration of 'Score'
  
D:\Hoora\AP\project\git\AP_Lab_Git_Practice_S4022\2\main.cpp(29,32): error C2065: 'ID_generator': undeclared identifier
D:\Hoora\AP\project\git\AP_Lab_Git_Practice_S4022\2\main.cpp(29,9): error C3861: 'setID_generator': identifier not found
  Generating Code...
